<?xml version="1.0" encoding="UTF-8"?>
<testsuite hostname="eranda" name="org.wso2.carbon.registry.core.test.jdbc.SymlinkTest" tests="17" failures="0" timestamp="11 Mar 2014 06:13:31 GMT" time="3.636" errors="0">
  <testcase name="testCopyBothSymLink" time="0.091" classname="org.wso2.carbon.registry.core.test.jdbc.SymlinkTest"/>
  <testcase name="testCopyParentWithSymlink" time="0.36" classname="org.wso2.carbon.registry.core.test.jdbc.SymlinkTest"/>
  <testcase name="testCopySourceFromSymlink" time="0.052" classname="org.wso2.carbon.registry.core.test.jdbc.SymlinkTest"/>
  <testcase name="testCopySourceSymLinkRoot" time="0.053" classname="org.wso2.carbon.registry.core.test.jdbc.SymlinkTest"/>
  <testcase name="testCopyTargetToSymLink" time="0.053" classname="org.wso2.carbon.registry.core.test.jdbc.SymlinkTest"/>
  <testcase name="testMoveBothSymLink" time="0.072" classname="org.wso2.carbon.registry.core.test.jdbc.SymlinkTest"/>
  <testcase name="testMoveParentWithSymlink" time="0.277" classname="org.wso2.carbon.registry.core.test.jdbc.SymlinkTest"/>
  <testcase name="testMoveSourceFromSymlink" time="0.053" classname="org.wso2.carbon.registry.core.test.jdbc.SymlinkTest"/>
  <testcase name="testMoveSourceSymLinkRoot" time="0.078" classname="org.wso2.carbon.registry.core.test.jdbc.SymlinkTest"/>
  <testcase name="testMoveSourceSymLinkRootCollection" time="0.134" classname="org.wso2.carbon.registry.core.test.jdbc.SymlinkTest"/>
  <testcase name="testMoveTargetToSymLink" time="0.049" classname="org.wso2.carbon.registry.core.test.jdbc.SymlinkTest"/>
  <testcase name="testRenameParentWithSymlink" time="0.235" classname="org.wso2.carbon.registry.core.test.jdbc.SymlinkTest"/>
  <testcase name="testSymbolicLinks" time="0.047" classname="org.wso2.carbon.registry.core.test.jdbc.SymlinkTest"/>
  <testcase name="testSymbolicLinksRoots" time="0.035" classname="org.wso2.carbon.registry.core.test.jdbc.SymlinkTest"/>
  <testcase name="testSymlinkOrder" time="0.053" classname="org.wso2.carbon.registry.core.test.jdbc.SymlinkTest"/>
  <testcase name="testSymlinkOrder2" time="0.053" classname="org.wso2.carbon.registry.core.test.jdbc.SymlinkTest"/>
  <testcase name="testTransitiveSymLinks" time="0.26" classname="org.wso2.carbon.registry.core.test.jdbc.SymlinkTest"/>
</testsuite>
