<?xml version="1.0" encoding="UTF-8"?>
<testsuite hostname="eranda" name="org.wso2.carbon.registry.core.test.jdbc.SymlinkTest" tests="17" failures="0" timestamp="11 Mar 2014 05:31:32 GMT" time="3.58" errors="0">
  <testcase name="testCopyBothSymLink" time="0.102" classname="org.wso2.carbon.registry.core.test.jdbc.SymlinkTest"/>
  <testcase name="testCopyParentWithSymlink" time="0.326" classname="org.wso2.carbon.registry.core.test.jdbc.SymlinkTest"/>
  <testcase name="testCopySourceFromSymlink" time="0.047" classname="org.wso2.carbon.registry.core.test.jdbc.SymlinkTest"/>
  <testcase name="testCopySourceSymLinkRoot" time="0.045" classname="org.wso2.carbon.registry.core.test.jdbc.SymlinkTest"/>
  <testcase name="testCopyTargetToSymLink" time="0.046" classname="org.wso2.carbon.registry.core.test.jdbc.SymlinkTest"/>
  <testcase name="testMoveBothSymLink" time="0.067" classname="org.wso2.carbon.registry.core.test.jdbc.SymlinkTest"/>
  <testcase name="testMoveParentWithSymlink" time="0.243" classname="org.wso2.carbon.registry.core.test.jdbc.SymlinkTest"/>
  <testcase name="testMoveSourceFromSymlink" time="0.056" classname="org.wso2.carbon.registry.core.test.jdbc.SymlinkTest"/>
  <testcase name="testMoveSourceSymLinkRoot" time="0.079" classname="org.wso2.carbon.registry.core.test.jdbc.SymlinkTest"/>
  <testcase name="testMoveSourceSymLinkRootCollection" time="0.134" classname="org.wso2.carbon.registry.core.test.jdbc.SymlinkTest"/>
  <testcase name="testMoveTargetToSymLink" time="0.056" classname="org.wso2.carbon.registry.core.test.jdbc.SymlinkTest"/>
  <testcase name="testRenameParentWithSymlink" time="0.235" classname="org.wso2.carbon.registry.core.test.jdbc.SymlinkTest"/>
  <testcase name="testSymbolicLinks" time="0.046" classname="org.wso2.carbon.registry.core.test.jdbc.SymlinkTest"/>
  <testcase name="testSymbolicLinksRoots" time="0.032" classname="org.wso2.carbon.registry.core.test.jdbc.SymlinkTest"/>
  <testcase name="testSymlinkOrder" time="0.05" classname="org.wso2.carbon.registry.core.test.jdbc.SymlinkTest"/>
  <testcase name="testSymlinkOrder2" time="0.049" classname="org.wso2.carbon.registry.core.test.jdbc.SymlinkTest"/>
  <testcase name="testTransitiveSymLinks" time="0.309" classname="org.wso2.carbon.registry.core.test.jdbc.SymlinkTest"/>
</testsuite>
