<?xml version="1.0" encoding="UTF-8"?>
<testsuite hostname="eranda" name="org.wso2.carbon.registry.core.test.jdbc.JDBCRegistryTest" tests="17" failures="0" timestamp="11 Mar 2014 06:13:56 GMT" time="2.987" errors="0">
  <testcase name="testCollectionDetails" time="0.055" classname="org.wso2.carbon.registry.core.test.jdbc.JDBCRegistryTest"/>
  <testcase name="testCollectionVersioning" time="0.075" classname="org.wso2.carbon.registry.core.test.jdbc.JDBCRegistryTest"/>
  <testcase name="testCombinedScenario" time="0.083" classname="org.wso2.carbon.registry.core.test.jdbc.JDBCRegistryTest"/>
  <testcase name="testFlatResourceHandling" time="0.019" classname="org.wso2.carbon.registry.core.test.jdbc.JDBCRegistryTest"/>
  <testcase name="testGetMetaData" time="0.009" classname="org.wso2.carbon.registry.core.test.jdbc.JDBCRegistryTest"/>
  <testcase name="testHierarchicalResourceHandling" time="0.026" classname="org.wso2.carbon.registry.core.test.jdbc.JDBCRegistryTest"/>
  <testcase name="testIllegalCharacters" time="0.054" classname="org.wso2.carbon.registry.core.test.jdbc.JDBCRegistryTest"/>
  <testcase name="testLastUpdateWithGet" time="0.513" classname="org.wso2.carbon.registry.core.test.jdbc.JDBCRegistryTest"/>
  <testcase name="testLastUpdateWithPut" time="0.023" classname="org.wso2.carbon.registry.core.test.jdbc.JDBCRegistryTest"/>
  <testcase name="testLogs" time="0.006" classname="org.wso2.carbon.registry.core.test.jdbc.JDBCRegistryTest"/>
  <testcase name="testMediaTypesInCaps" time="0.279" classname="org.wso2.carbon.registry.core.test.jdbc.JDBCRegistryTest"/>
  <testcase name="testPutOnSamePath" time="0.015" classname="org.wso2.carbon.registry.core.test.jdbc.JDBCRegistryTest"/>
  <testcase name="testResourceCollectionMix" time="0.032" classname="org.wso2.carbon.registry.core.test.jdbc.JDBCRegistryTest"/>
  <testcase name="testResourceDelete" time="0.04" classname="org.wso2.carbon.registry.core.test.jdbc.JDBCRegistryTest"/>
  <testcase name="testResourceVersioning" time="0.077" classname="org.wso2.carbon.registry.core.test.jdbc.JDBCRegistryTest"/>
  <testcase name="testUserDefinedResourceQuery" time="0.048" classname="org.wso2.carbon.registry.core.test.jdbc.JDBCRegistryTest"/>
  <testcase name="testValueChange" time="0.02" classname="org.wso2.carbon.registry.core.test.jdbc.JDBCRegistryTest"/>
</testsuite>
