<?xml version="1.0" encoding="UTF-8"?>
<testsuite hostname="eranda" name="org.wso2.carbon.registry.core.test.jdbc.RenameTest" tests="4" failures="0" timestamp="11 Mar 2014 05:28:49 GMT" time="1.893" errors="0">
  <testcase name="testGeneralCollectionRename" time="0.062" classname="org.wso2.carbon.registry.core.test.jdbc.RenameTest"/>
  <testcase name="testGeneralResourceRename" time="0.02" classname="org.wso2.carbon.registry.core.test.jdbc.RenameTest"/>
  <testcase name="testRootLevelCollectionRename" time="0.036" classname="org.wso2.carbon.registry.core.test.jdbc.RenameTest"/>
  <testcase name="testRootLevelResourceRename" time="0.027" classname="org.wso2.carbon.registry.core.test.jdbc.RenameTest"/>
</testsuite>
