<?xml version="1.0" encoding="UTF-8" ?>
<testsuite failures="0" time="5.684" errors="0" skipped="0" tests="27" name="org.wso2.carbon.registry.core.test.jdbc.ResourceImportExportTest">
  <properties>
[...]
</properties>
  <testcase time="2.716" classname="org.wso2.carbon.registry.core.test.jdbc.ResourceImportExportTest" name="testImportResourceFromFile"/>
  <testcase time="0.128" classname="org.wso2.carbon.registry.core.test.jdbc.ResourceImportExportTest" name="testExportResourceToFile"/>
  <testcase time="0.108" classname="org.wso2.carbon.registry.core.test.jdbc.ResourceImportExportTest" name="testIllegalCharacters"/>
  <testcase time="0.309" classname="org.wso2.carbon.registry.core.test.jdbc.ResourceImportExportTest" name="testMediaTypesInCaps"/>
  <testcase time="0.093" classname="org.wso2.carbon.registry.core.test.jdbc.ResourceImportExportTest" name="testCollectionDetails"/>
  <testcase time="0.09" classname="org.wso2.carbon.registry.core.test.jdbc.ResourceImportExportTest" name="testFlatResourceHandling"/>
  <testcase time="0.1" classname="org.wso2.carbon.registry.core.test.jdbc.ResourceImportExportTest" name="testHierarchicalResourceHandling"/>
  <testcase time="0.12" classname="org.wso2.carbon.registry.core.test.jdbc.ResourceImportExportTest" name="testResourceVersioning"/>
  <testcase time="0.069" classname="org.wso2.carbon.registry.core.test.jdbc.ResourceImportExportTest" name="testPutOnSamePath"/>
  <testcase time="0.102" classname="org.wso2.carbon.registry.core.test.jdbc.ResourceImportExportTest" name="testCollectionVersioning"/>
  <testcase time="0.083" classname="org.wso2.carbon.registry.core.test.jdbc.ResourceImportExportTest" name="testValueChange"/>
  <testcase time="0.095" classname="org.wso2.carbon.registry.core.test.jdbc.ResourceImportExportTest" name="testComments"/>
  <testcase time="0.108" classname="org.wso2.carbon.registry.core.test.jdbc.ResourceImportExportTest" name="testRatings"/>
  <testcase time="0.101" classname="org.wso2.carbon.registry.core.test.jdbc.ResourceImportExportTest" name="testUserDefinedResourceQuery"/>
  <testcase time="0.105" classname="org.wso2.carbon.registry.core.test.jdbc.ResourceImportExportTest" name="testUserDefinedRatingsQuery"/>
  <testcase time="0.105" classname="org.wso2.carbon.registry.core.test.jdbc.ResourceImportExportTest" name="testUserDefinedTagsQuery"/>
  <testcase time="0.069" classname="org.wso2.carbon.registry.core.test.jdbc.ResourceImportExportTest" name="testUserDefinedCommentsQuery"/>
  <testcase time="0.029" classname="org.wso2.carbon.registry.core.test.jdbc.ResourceImportExportTest" name="testTagsAsResources"/>
  <testcase time="0.06" classname="org.wso2.carbon.registry.core.test.jdbc.ResourceImportExportTest" name="testCommentsAsResources"/>
  <testcase time="0.056" classname="org.wso2.carbon.registry.core.test.jdbc.ResourceImportExportTest" name="testRatingsAsResources"/>
  <testcase time="0.048" classname="org.wso2.carbon.registry.core.test.jdbc.ResourceImportExportTest" name="testLogs"/>
  <testcase time="0.096" classname="org.wso2.carbon.registry.core.test.jdbc.ResourceImportExportTest" name="testResourceDelete"/>
  <testcase time="0.186" classname="org.wso2.carbon.registry.core.test.jdbc.ResourceImportExportTest" name="testCombinedScenario"/>
  <testcase time="0.051" classname="org.wso2.carbon.registry.core.test.jdbc.ResourceImportExportTest" name="testGetMetaData"/>
  <testcase time="0.071" classname="org.wso2.carbon.registry.core.test.jdbc.ResourceImportExportTest" name="testResourceCollectionMix"/>
  <testcase time="0.538" classname="org.wso2.carbon.registry.core.test.jdbc.ResourceImportExportTest" name="testLastUpdateWithGet"/>
  <testcase time="0.048" classname="org.wso2.carbon.registry.core.test.jdbc.ResourceImportExportTest" name="testLastUpdateWithPut"/>
</testsuite>