<?xml version="1.0" encoding="UTF-8"?>
<testsuite hostname="eranda" name="org.wso2.carbon.registry.core.test.jdbc.VersionHandlingTest" tests="10" failures="0" timestamp="11 Mar 2014 06:11:02 GMT" time="2.606" errors="0">
  <testcase name="testAdvancedCollectionRestore" time="0.214" classname="org.wso2.carbon.registry.core.test.jdbc.VersionHandlingTest"/>
  <testcase name="testCreateVersions" time="0.032" classname="org.wso2.carbon.registry.core.test.jdbc.VersionHandlingTest"/>
  <testcase name="testPermalinksForCollections" time="0.071" classname="org.wso2.carbon.registry.core.test.jdbc.VersionHandlingTest"/>
  <testcase name="testPermalinksForResources" time="0.048" classname="org.wso2.carbon.registry.core.test.jdbc.VersionHandlingTest"/>
  <testcase name="testResourceContentVersioning" time="0.033" classname="org.wso2.carbon.registry.core.test.jdbc.VersionHandlingTest"/>
  <testcase name="testResourcePropertyVersioning" time="0.036" classname="org.wso2.carbon.registry.core.test.jdbc.VersionHandlingTest"/>
  <testcase name="testResourceRestore" time="0.038" classname="org.wso2.carbon.registry.core.test.jdbc.VersionHandlingTest"/>
  <testcase name="testRootLevelVersioning" time="0.297" classname="org.wso2.carbon.registry.core.test.jdbc.VersionHandlingTest"/>
  <testcase name="testSimpleCollectionRestore" time="0.095" classname="org.wso2.carbon.registry.core.test.jdbc.VersionHandlingTest"/>
  <testcase name="testSimpleCollectionVersioning" time="0.074" classname="org.wso2.carbon.registry.core.test.jdbc.VersionHandlingTest"/>
</testsuite>
