<?xml version="1.0" encoding="UTF-8"?>
<testsuite hostname="eranda" name="org.wso2.carbon.registry.core.test.jdbc.DumpTest" tests="10" failures="0" timestamp="11 Mar 2014 05:29:30 GMT" time="3.133" errors="0">
  <testcase name="testAbsoluteAssociationPath" time="0.003" classname="org.wso2.carbon.registry.core.test.jdbc.DumpTest"/>
  <testcase name="testCollectionDump" time="0.101" classname="org.wso2.carbon.registry.core.test.jdbc.DumpTest"/>
  <testcase name="testDumpWithSymLink" time="0.211" classname="org.wso2.carbon.registry.core.test.jdbc.DumpTest"/>
  <testcase name="testNewRestore" time="0.174" classname="org.wso2.carbon.registry.core.test.jdbc.DumpTest"/>
  <testcase name="testNewerVersionException" time="0.079" classname="org.wso2.carbon.registry.core.test.jdbc.DumpTest"/>
  <testcase name="testRelativeAssociationPath" time="0.0" classname="org.wso2.carbon.registry.core.test.jdbc.DumpTest"/>
  <testcase name="testResourceDump" time="0.021" classname="org.wso2.carbon.registry.core.test.jdbc.DumpTest"/>
  <testcase name="testRootDump" time="0.72" classname="org.wso2.carbon.registry.core.test.jdbc.DumpTest"/>
  <testcase name="testRootRestore" time="0.106" classname="org.wso2.carbon.registry.core.test.jdbc.DumpTest"/>
  <testcase name="testSimpleNewRestore" time="0.058" classname="org.wso2.carbon.registry.core.test.jdbc.DumpTest"/>
</testsuite>
