<?xml version="1.0" encoding="UTF-8"?>
<testsuite hostname="eranda" name="org.wso2.carbon.registry.core.test.jdbc.QueryTest" tests="4" failures="0" timestamp="11 Mar 2014 05:28:31 GMT" time="2.2" errors="0">
  <testcase name="testDefaultQuery" time="0.121" classname="org.wso2.carbon.registry.core.test.jdbc.QueryTest"/>
  <testcase name="testWithSpecialCharactersQuery" time="0.074" classname="org.wso2.carbon.registry.core.test.jdbc.QueryTest"/>
  <testcase name="testWithoutTableParamsQuery" time="0.056" classname="org.wso2.carbon.registry.core.test.jdbc.QueryTest"/>
  <testcase name="testWithoutWhereQuery" time="0.072" classname="org.wso2.carbon.registry.core.test.jdbc.QueryTest"/>
</testsuite>
