<?xml version="1.0" encoding="UTF-8"?>
<testsuite hostname="eranda" name="org.wso2.carbon.registry.core.test.jdbc.JDBCRegistryTest" tests="19" failures="0" timestamp="11 Mar 2014 05:31:06 GMT" time="4.723" errors="0">
  <testcase name="testCollectionDetails" time="0.099" classname="org.wso2.carbon.registry.core.test.jdbc.ResourceImportExportTest"/>
  <testcase name="testCollectionVersioning" time="0.136" classname="org.wso2.carbon.registry.core.test.jdbc.ResourceImportExportTest"/>
  <testcase name="testCombinedScenario" time="0.193" classname="org.wso2.carbon.registry.core.test.jdbc.ResourceImportExportTest"/>
  <testcase name="testFlatResourceHandling" time="0.043" classname="org.wso2.carbon.registry.core.test.jdbc.ResourceImportExportTest"/>
  <testcase name="testGetMetaData" time="0.02" classname="org.wso2.carbon.registry.core.test.jdbc.ResourceImportExportTest"/>
  <testcase name="testHierarchicalResourceHandling" time="0.063" classname="org.wso2.carbon.registry.core.test.jdbc.ResourceImportExportTest"/>
  <testcase name="testIllegalCharacters" time="0.126" classname="org.wso2.carbon.registry.core.test.jdbc.ResourceImportExportTest"/>
  <testcase name="testLastUpdateWithGet" time="0.523" classname="org.wso2.carbon.registry.core.test.jdbc.ResourceImportExportTest"/>
  <testcase name="testLastUpdateWithPut" time="0.031" classname="org.wso2.carbon.registry.core.test.jdbc.ResourceImportExportTest"/>
  <testcase name="testLogs" time="0.006" classname="org.wso2.carbon.registry.core.test.jdbc.ResourceImportExportTest"/>
  <testcase name="testMediaTypesInCaps" time="0.417" classname="org.wso2.carbon.registry.core.test.jdbc.ResourceImportExportTest"/>
  <testcase name="testPutOnSamePath" time="0.017" classname="org.wso2.carbon.registry.core.test.jdbc.ResourceImportExportTest"/>
  <testcase name="testResourceCollectionMix" time="0.038" classname="org.wso2.carbon.registry.core.test.jdbc.ResourceImportExportTest"/>
  <testcase name="testResourceDelete" time="0.056" classname="org.wso2.carbon.registry.core.test.jdbc.ResourceImportExportTest"/>
  <testcase name="testResourceVersioning" time="0.088" classname="org.wso2.carbon.registry.core.test.jdbc.ResourceImportExportTest"/>
  <testcase name="testUserDefinedResourceQuery" time="0.057" classname="org.wso2.carbon.registry.core.test.jdbc.ResourceImportExportTest"/>
  <testcase name="testValueChange" time="0.022" classname="org.wso2.carbon.registry.core.test.jdbc.ResourceImportExportTest"/>
  <testcase name="testExportResourceToFile" time="0.03" classname="org.wso2.carbon.registry.core.test.jdbc.ResourceImportExportTest"/>
  <testcase name="testImportResourceFromFile" time="0.024" classname="org.wso2.carbon.registry.core.test.jdbc.ResourceImportExportTest"/>
</testsuite>
