<?xml version="1.0" encoding="UTF-8"?>
<testsuite hostname="eranda" name="org.wso2.carbon.registry.core.test.jdbc.PathsTest" tests="3" failures="0" timestamp="11 Mar 2014 06:15:30 GMT" time="1.309" errors="0">
  <testcase name="testColon" time="0.046" classname="org.wso2.carbon.registry.core.test.jdbc.PathsTest"/>
  <testcase name="testGetOnPaths" time="0.029" classname="org.wso2.carbon.registry.core.test.jdbc.PathsTest"/>
  <testcase name="testPutOnPaths" time="0.037" classname="org.wso2.carbon.registry.core.test.jdbc.PathsTest"/>
</testsuite>
