<?xml version="1.0" encoding="UTF-8"?>
<testsuite hostname="eranda" name="org.wso2.carbon.registry.core.test.jdbc.TransactionsTest" tests="6" failures="0" timestamp="11 Mar 2014 05:29:33 GMT" time="1.844" errors="0">
  <testcase name="testFailedMultiOperationTransaction" time="0.033" classname="org.wso2.carbon.registry.core.test.jdbc.TransactionsTest"/>
  <testcase name="testFailedSimpleTransaction" time="0.013" classname="org.wso2.carbon.registry.core.test.jdbc.TransactionsTest"/>
  <testcase name="testNestedFailedMultiOperationTransaction" time="0.013" classname="org.wso2.carbon.registry.core.test.jdbc.TransactionsTest"/>
  <testcase name="testNestedSuccessfulMultiOperationTransaction" time="0.014" classname="org.wso2.carbon.registry.core.test.jdbc.TransactionsTest"/>
  <testcase name="testSuccessfulMultiOperationTransaction" time="0.016" classname="org.wso2.carbon.registry.core.test.jdbc.TransactionsTest"/>
  <testcase name="testSuccessfulSimpleTransaction" time="0.011" classname="org.wso2.carbon.registry.core.test.jdbc.TransactionsTest"/>
</testsuite>
