<?xml version="1.0" encoding="UTF-8" ?>
<testsuite failures="0" time="0.276" errors="0" skipped="0" tests="11" name="org.wso2.carbon.registry.core.test.jdbc.DumpReaderTest">
  <properties>
[...]
</properties>
  <testcase time="0.093" classname="org.wso2.carbon.registry.core.test.jdbc.DumpReaderTest" name="testDump1"/>
  <testcase time="0.005" classname="org.wso2.carbon.registry.core.test.jdbc.DumpReaderTest" name="testDump2"/>
  <testcase time="0.006" classname="org.wso2.carbon.registry.core.test.jdbc.DumpReaderTest" name="testDump3"/>
  <testcase time="0.025" classname="org.wso2.carbon.registry.core.test.jdbc.DumpReaderTest" name="testDump4"/>
  <testcase time="0.006" classname="org.wso2.carbon.registry.core.test.jdbc.DumpReaderTest" name="testDump5"/>
  <testcase time="0.011" classname="org.wso2.carbon.registry.core.test.jdbc.DumpReaderTest" name="testDump6"/>
  <testcase time="0.101" classname="org.wso2.carbon.registry.core.test.jdbc.DumpReaderTest" name="testDump7"/>
  <testcase time="0.003" classname="org.wso2.carbon.registry.core.test.jdbc.DumpReaderTest" name="testDump9"/>
  <testcase time="0.023" classname="org.wso2.carbon.registry.core.test.jdbc.DumpReaderTest" name="testDumpWriter1"/>
  <testcase time="0.002" classname="org.wso2.carbon.registry.core.test.jdbc.DumpReaderTest" name="testDumpWriterWithNameLast"/>
  <testcase time="0.001" classname="org.wso2.carbon.registry.core.test.jdbc.DumpReaderTest" name="testDumpWriterWithNameLastAndManyAttribute"/>
</testsuite>