<?xml version="1.0" encoding="UTF-8"?>
<testsuite hostname="eranda" name="org.wso2.carbon.registry.core.test.jdbc.VersionHandlingTest" tests="10" failures="0" timestamp="11 Mar 2014 05:25:04 GMT" time="2.608" errors="0">
  <testcase name="testAdvancedCollectionRestore" time="0.218" classname="org.wso2.carbon.registry.core.test.jdbc.VersionHandlingTest"/>
  <testcase name="testCreateVersions" time="0.034" classname="org.wso2.carbon.registry.core.test.jdbc.VersionHandlingTest"/>
  <testcase name="testPermalinksForCollections" time="0.071" classname="org.wso2.carbon.registry.core.test.jdbc.VersionHandlingTest"/>
  <testcase name="testPermalinksForResources" time="0.051" classname="org.wso2.carbon.registry.core.test.jdbc.VersionHandlingTest"/>
  <testcase name="testResourceContentVersioning" time="0.036" classname="org.wso2.carbon.registry.core.test.jdbc.VersionHandlingTest"/>
  <testcase name="testResourcePropertyVersioning" time="0.038" classname="org.wso2.carbon.registry.core.test.jdbc.VersionHandlingTest"/>
  <testcase name="testResourceRestore" time="0.041" classname="org.wso2.carbon.registry.core.test.jdbc.VersionHandlingTest"/>
  <testcase name="testRootLevelVersioning" time="0.321" classname="org.wso2.carbon.registry.core.test.jdbc.VersionHandlingTest"/>
  <testcase name="testSimpleCollectionRestore" time="0.134" classname="org.wso2.carbon.registry.core.test.jdbc.VersionHandlingTest"/>
  <testcase name="testSimpleCollectionVersioning" time="0.102" classname="org.wso2.carbon.registry.core.test.jdbc.VersionHandlingTest"/>
</testsuite>
