<?xml version="1.0" encoding="UTF-8" ?>
<testsuite failures="0" time="3.681" errors="0" skipped="0" tests="3" name="org.wso2.carbon.registry.core.test.multitenant.MultiTenantTest">
  <properties>
[...]
</properties>
  <testcase time="3.523" classname="org.wso2.carbon.registry.core.test.multitenant.MultiTenantTest" name="testVirtualRoots"/>
  <testcase time="0.095" classname="org.wso2.carbon.registry.core.test.multitenant.MultiTenantTest" name="testUserStores"/>
  <testcase time="0.063" classname="org.wso2.carbon.registry.core.test.multitenant.MultiTenantTest" name="testClaims"/>
</testsuite>