<?xml version="1.0" encoding="UTF-8"?>
<testsuite hostname="eranda" name="org.wso2.carbon.registry.core.test.jdbc.PathsTest" tests="3" failures="0" timestamp="11 Mar 2014 06:13:20 GMT" time="1.813" errors="0">
  <testcase name="testColon" time="0.045" classname="org.wso2.carbon.registry.core.test.jdbc.PathsTest"/>
  <testcase name="testGetOnPaths" time="0.031" classname="org.wso2.carbon.registry.core.test.jdbc.PathsTest"/>
  <testcase name="testPutOnPaths" time="0.036" classname="org.wso2.carbon.registry.core.test.jdbc.PathsTest"/>
</testsuite>
