<?xml version="1.0" encoding="UTF-8"?>
<testsuite hostname="eranda" name="org.wso2.carbon.registry.core.test.jdbc.JDBCRegistryTest" tests="17" failures="0" timestamp="11 Mar 2014 06:09:12 GMT" time="3.104" errors="0">
  <testcase name="testCollectionDetails" time="0.054" classname="org.wso2.carbon.registry.core.test.jdbc.JDBCRegistryTest"/>
  <testcase name="testCollectionVersioning" time="0.087" classname="org.wso2.carbon.registry.core.test.jdbc.JDBCRegistryTest"/>
  <testcase name="testCombinedScenario" time="0.106" classname="org.wso2.carbon.registry.core.test.jdbc.JDBCRegistryTest"/>
  <testcase name="testFlatResourceHandling" time="0.027" classname="org.wso2.carbon.registry.core.test.jdbc.JDBCRegistryTest"/>
  <testcase name="testGetMetaData" time="0.011" classname="org.wso2.carbon.registry.core.test.jdbc.JDBCRegistryTest"/>
  <testcase name="testHierarchicalResourceHandling" time="0.043" classname="org.wso2.carbon.registry.core.test.jdbc.JDBCRegistryTest"/>
  <testcase name="testIllegalCharacters" time="0.046" classname="org.wso2.carbon.registry.core.test.jdbc.JDBCRegistryTest"/>
  <testcase name="testLastUpdateWithGet" time="0.52" classname="org.wso2.carbon.registry.core.test.jdbc.JDBCRegistryTest"/>
  <testcase name="testLastUpdateWithPut" time="0.016" classname="org.wso2.carbon.registry.core.test.jdbc.JDBCRegistryTest"/>
  <testcase name="testLogs" time="0.005" classname="org.wso2.carbon.registry.core.test.jdbc.JDBCRegistryTest"/>
  <testcase name="testMediaTypesInCaps" time="0.279" classname="org.wso2.carbon.registry.core.test.jdbc.JDBCRegistryTest"/>
  <testcase name="testPutOnSamePath" time="0.018" classname="org.wso2.carbon.registry.core.test.jdbc.JDBCRegistryTest"/>
  <testcase name="testResourceCollectionMix" time="0.038" classname="org.wso2.carbon.registry.core.test.jdbc.JDBCRegistryTest"/>
  <testcase name="testResourceDelete" time="0.047" classname="org.wso2.carbon.registry.core.test.jdbc.JDBCRegistryTest"/>
  <testcase name="testResourceVersioning" time="0.07" classname="org.wso2.carbon.registry.core.test.jdbc.JDBCRegistryTest"/>
  <testcase name="testUserDefinedResourceQuery" time="0.052" classname="org.wso2.carbon.registry.core.test.jdbc.JDBCRegistryTest"/>
  <testcase name="testValueChange" time="0.023" classname="org.wso2.carbon.registry.core.test.jdbc.JDBCRegistryTest"/>
</testsuite>
